<?xml version="1.0" encoding="UTF-8"?>
<!-- Generated by org.testng.reporters.JUnitReportReporter -->
<testsuite hostname="DESKTOP-6FQQ1FF" failures="0" tests="1" name="pageObjectModel_loginTest.LoginTest" time="6.705" errors="0" timestamp="2023-10-04T15:40:42 EDT" skipped="0">
  <testcase classname="pageObjectModel_loginTest.LoginTest" name="validLoginTest" time="6.705"/>
  <system-out/>
</testsuite> <!-- pageObjectModel_loginTest.LoginTest -->
