<?xml version="1.0" encoding="UTF-8"?>
<!-- Generated by org.testng.reporters.JUnitReportReporter -->
<testsuite hostname="DESKTOP-6FQQ1FF" failures="0" tests="1" name="com.amazon.AmazonTest" time="3.229" errors="0" timestamp="2023-07-24T23:51:22 EDT" skipped="0">
  <testcase classname="com.amazon.AmazonTest" name="openApplication" time="3.229"/>
  <system-out/>
</testsuite> <!-- com.amazon.AmazonTest -->
