<?xml version="1.0" encoding="UTF-8"?>
<!-- Generated by org.testng.reporters.JUnitReportReporter -->
<testsuite hostname="DESKTOP-6FQQ1FF" failures="0" tests="1" name="com.instagram.InstagramTest" time="5.679" errors="0" timestamp="2023-07-26T22:25:01 EDT" skipped="0">
  <testcase classname="com.instagram.InstagramTest" name="openApplication" time="5.679"/>
  <system-out/>
</testsuite> <!-- com.instagram.InstagramTest -->
