<?xml version="1.0" encoding="UTF-8"?>
<!-- Generated by org.testng.reporters.JUnitReportReporter -->
<testsuite hostname="DESKTOP-6FQQ1FF" failures="0" tests="1" name="com.facebook.FacebookTest" time="3.226" errors="0" timestamp="2023-07-29T10:03:13 EDT" skipped="0">
  <testcase classname="com.facebook.FacebookTest" name="openApplication" time="3.226"/>
  <system-out/>
</testsuite> <!-- com.facebook.FacebookTest -->
