<?xml version="1.0" encoding="UTF-8"?>
<!-- Generated by org.testng.reporters.JUnitReportReporter -->
<testsuite hostname="DESKTOP-6FQQ1FF" failures="0" tests="1" name="com.facebook.Navigation" time="2.169" errors="0" timestamp="2023-07-29T10:27:07 EDT" skipped="0">
  <testcase classname="com.facebook.Navigation" name="linkTest" time="2.169"/>
  <system-out/>
</testsuite> <!-- com.facebook.Navigation -->
