<?xml version="1.0" encoding="UTF-8"?>
<!-- Generated by org.testng.reporters.JUnitReportReporter -->
<testsuite hostname="DESKTOP-6FQQ1FF" failures="0" tests="1" name="pageFactory.LoginTest" time="5.067" errors="0" timestamp="2023-10-04T15:58:53 EDT" skipped="0">
  <testcase classname="pageFactory.LoginTest" name="validLoginTest" time="5.067"/>
  <system-out/>
</testsuite> <!-- pageFactory.LoginTest -->
